item                              mean     stderr   stddev   median   95%HPDlo 95%HPDup ACT      ESS      geometric-mean 
posterior                         -157515. 14.81427 372.1531 -157506. -158257. -156795. 7656510. 631.0779 NaN     
likelihood                        -175396. 1.232225 44.72396 -175395. -175484. -175309. 3667868. 1317.346 NaN     
prior                             424.0153 0.240951 6.72514  424.2125 410.5392 436.9525 6202540. 779.0122 423.9619
smcCoalescent                     17456.19 14.36753 366.7292 17465.35 16717.66 18158.49 7416297. 651.5184 17452.33
bdcGrowthRate.t:Species           59867.16 341.5762 13455.46 58627.31 35298.59 87032.62 3113809. 1551.750 58386.40
relativeDeathRate.t:Species       0        0        0        0        0        0        NaN      NaN      NaN     
collapseWeight.t:Species          0.051615 0.000522 0.051127 0.036166 1.24E-7  0.153404 503704.0 9592.647 0.029091
originHeight.t:Species            6.87E-5  4.4E-7   2.1E-5   6.38E-5  3.87E-5  0.000111 2129475. 2269.035 6.61E-5 
popPriorScale                     0.000239 1.47E-6  5.02E-5  0.000233 0.000149 0.00034  4134383. 1168.700 0.000234
PopSize                           0.000238 1.47E-6  0.00024  0.000176 3.41E-5  0.000602 180861.3 26715.79 0.000186
NClusters                         1.000004 2.07E-6  0.002034 1        1        1        5000     966371   1.000003
BirthDeathCollapseModel.t:Species 462.5282 0.284351 7.632866 462.7562 447.2417 477.2140 6705749. 720.5540 462.4651
TreeHeight.Species                5.14E-5  3.29E-7  8.04E-6  5.06E-5  3.68E-5  6.77E-5  8071716. 598.6155 5.08E-5 
TreeHeight.t:4527_introns         0.001928 1.12E-5  0.000249 0.001903 0.001472 0.002439 9720026. 497.1030 0.001913
TreeHeight.t:4848_introns         0.000534 3.44E-6  0.000137 0.000517 0.000295 0.000809 3070989. 1573.386 0.000517
TreeHeight.t:4932_introns         0.000308 1.92E-6  8.52E-5  0.000296 0.000161 0.000479 2463656. 1961.253 0.000297
TreeHeight.t:4992_introns         0.000692 4.44E-6  0.000153 0.000675 0.000421 0.001001 4072795. 1186.373 0.000676
TreeHeight.t:5116_introns         0.003403 2.17E-5  0.000677 0.003327 0.002175 0.004755 4945062. 977.1068 0.003338
TreeHeight.t:5271_introns         0.000229 1.45E-6  6.91E-5  0.000217 0.000116 0.000367 2138312. 2259.657 0.00022 
TreeHeight.t:5326_introns         0.000238 1.51E-6  6.72E-5  0.000229 0.000123 0.000372 2432468. 1986.400 0.000229
TreeHeight.t:5333_introns         0.000573 3.56E-6  0.000163 0.000551 0.000288 0.000899 2302678. 2098.362 0.000551
TreeHeight.t:5404_introns         0.00066  4.1E-6   0.000142 0.000644 0.000405 0.000946 4008938. 1205.270 0.000646
TreeHeight.t:5406_introns         0.00041  2.59E-6  7.61E-5  0.000402 0.000271 0.000562 5589139. 864.5079 0.000403
TreeHeight.t:5426_introns         0.000383 2.43E-6  6.74E-5  0.000376 0.000261 0.000519 6286448. 768.6144 0.000377
TreeHeight.t:5428_introns         0.000255 1.61E-6  8.36E-5  0.00024  0.000121 0.000422 1800643. 2683.404 0.000243
TreeHeight.t:5464_introns         0.001104 6.96E-6  0.000244 0.001077 0.000667 0.001591 3948463. 1223.730 0.001079
TreeHeight.t:5599_introns         0.000828 5.28E-6  0.000185 0.000806 0.000496 0.001198 3938715. 1226.759 0.000808
TreeHeight.t:5614_introns         0.001211 7.51E-6  0.000224 0.001188 0.000807 0.001662 5433195. 889.3209 0.001191
TreeHeight.t:5639_introns         0.00092  5.86E-6  0.000218 0.000894 0.000537 0.001361 3495194. 1382.428 0.000896
TreeHeight.t:5664_introns         0.000444 2.78E-6  8.85E-5  0.000434 0.000285 0.000622 4777894. 1011.293 0.000435
TreeHeight.t:5822_introns         0.000711 4.45E-6  0.000162 0.000694 0.000423 0.00104  3657239. 1321.175 0.000694
TreeHeight.t:5840_introns         0.000974 5.43E-6  0.000175 0.00096  0.000651 0.001325 4677698. 1032.955 0.000959
TreeHeight.t:5857_introns         0.001517 9.51E-6  0.000354 0.001475 0.00089  0.002232 3478701. 1388.982 0.001477
TreeHeight.t:5899_introns         0.001068 6.8E-6   0.000221 0.001044 0.000667 0.00151  4563876. 1058.717 0.001046
TreeHeight.t:5910_introns         0.000407 2.6E-6   8.74E-5  0.000396 0.000252 0.000583 4279456. 1129.081 0.000398
TreeHeight.t:5913_introns         0.001718 1.06E-5  0.000394 0.001673 0.001015 0.00251  3507439. 1377.601 0.001675
TreeHeight.t:5922_introns         0.000158 1.18E-6  3.36E-5  0.000154 0.0001   0.000226 5994496. 806.0485 0.000155
TreeHeight.t:5926_introns         0.001079 6.66E-6  0.000237 0.001052 0.000653 0.001553 3826401. 1262.767 0.001054
TreeHeight.t:5944_introns         0.000298 1.91E-6  0.000107 0.000277 0.000132 0.000511 1538646. 3140.327 0.000281
TreeHeight.t:5974_introns         0.000376 2.35E-6  9.11E-5  0.000365 0.000214 0.000559 3217266. 1501.850 0.000366
TreeHeight.t:6026_introns         0.00049  3.8E-6   0.000109 0.000475 0.000297 0.00071  5811563. 831.4207 0.000478
TreeHeight.t:6041_introns         0.000425 2.71E-6  7.67E-5  0.000416 0.000287 0.00058  6035884. 800.5214 0.000418
TreeHeight.t:6098_introns         0.000349 2.18E-6  7.65E-5  0.00034  0.000211 0.000503 3923925. 1231.383 0.000341
TreeHeight.t:6295_introns         0.000315 1.96E-6  6.38E-5  0.000308 0.000199 0.000443 4550893. 1061.737 0.000309
TreeHeight.t:6298_introns         0.000263 1.65E-6  7.87E-5  0.00025  0.000131 0.000419 2123642. 2275.267 0.000252
TreeHeight.t:6303_introns         0.000724 4.5E-6   0.000175 0.000703 0.000411 0.001074 3197645. 1511.066 0.000704
TreeHeight.t:6366_introns         0.002156 1.3E-5   0.000496 0.002099 0.001266 0.003145 3326217. 1452.657 0.002101
TreeHeight.t:6383_introns         0.001492 9.14E-6  0.00032  0.001456 0.000918 0.002137 3945768. 1224.566 0.001459
TreeHeight.t:6401_introns         0.00035  2.18E-6  0.000109 0.000335 0.00016  0.000567 1921249. 2514.953 0.000334
TreeHeight.t:6406_introns         0.000487 3.01E-6  0.000122 0.000471 0.000275 0.000734 2950050. 1637.888 0.000472
TreeHeight.t:6420_introns         0.001076 6.87E-6  0.000242 0.001047 0.000643 0.001563 3884932. 1243.742 0.001049
TreeHeight.t:6450_introns         0.00047  2.97E-6  9.29E-5  0.00046  0.000301 0.000656 4933685. 979.3600 0.000461
TreeHeight.t:6460_introns         0.000326 2.08E-6  8.56E-5  0.000315 0.000177 0.000498 2850265. 1695.230 0.000315
TreeHeight.t:6462_introns         0.000765 4.8E-6   0.000149 0.000749 0.000496 0.001066 5011625. 964.1292 0.000751
TreeHeight.t:6494_introns         0.000168 1.13E-6  3.23E-5  0.000164 0.000111 0.000234 5955615. 811.3108 0.000165
TreeHeight.t:6500_introns         0.000899 5.67E-6  0.00018  0.000879 0.000577 0.001261 4811294. 1004.273 0.000882
TreeHeight.t:6639_introns         0.0003   1.87E-6  6.97E-5  0.000291 0.000177 0.00044  3466150. 1394.012 0.000292
TreeHeight.t:6641_introns         0.000325 1.98E-6  8.57E-5  0.000314 0.000174 0.000496 2584019. 1869.898 0.000314
TreeHeight.t:6689_introns         0.000313 1.97E-6  7.24E-5  0.000304 0.000183 0.000458 3556008. 1358.786 0.000305
TreeHeight.t:6947_introns         0.001034 6.46E-6  0.000222 0.001009 0.000632 0.001475 4089374. 1181.563 0.001011
TreeHeight.t:6992_introns         0.000511 3.15E-6  0.000135 0.000493 0.000272 0.000781 2609271. 1851.802 0.000494
TreeHeight.t:7141_introns         0.000362 2.31E-6  9.49E-5  0.00035  0.000196 0.000553 2861677. 1688.469 0.00035 
TreeHeight.t:7174_introns         0.000473 3.04E-6  0.000106 0.00046  0.000283 0.000686 3947906. 1223.903 0.000461
TreeHeight.t:7313_introns         0.000449 2.83E-6  9.22E-5  0.000439 0.000284 0.000634 4545709. 1062.948 0.00044 
TreeHeight.t:7324_introns         0.000254 1.5E-6   4.71E-5  0.000249 0.000169 0.000349 4887585. 988.5974 0.00025 
TreeHeight.t:7333_introns         0.00062  3.82E-6  0.000161 0.0006   0.000336 0.000942 2728112. 1771.134 0.0006  
TreeHeight.t:7572_introns         0.000196 1.26E-6  5.74E-5  0.000186 0.000103 0.000312 2321719. 2081.153 0.000188
TreeHeight.t:7602_introns         0.000342 2.13E-6  7.42E-5  0.000333 0.000209 0.000491 3984634. 1212.622 0.000334
treeLikelihood.4527_introns       -3058.64 0.08753  6.631797 -3058.22 -3071.78 -3046.13 841718.8 5740.461 NaN     
treeLikelihood.4848_introns       -1860.57 0.234459 7.710264 -1860.08 -1875.65 -1846.07 4467951. 1081.447 NaN     
treeLikelihood.4932_introns       -1615.18 0.112359 5.015773 -1614.66 -1625.20 -1606.05 2424677. 1992.782 NaN     
treeLikelihood.4992_introns       -2975.30 0.070619 5.503614 -2974.75 -2986.24 -2965.33 795539.0 6073.687 NaN     
treeLikelihood.5116_introns       -3619.53 0.073801 4.907042 -3619.44 -3629.02 -3609.94 1092953. 4420.914 NaN     
treeLikelihood.5271_introns       -1211.94 0.065776 4.952644 -1211.31 -1222.06 -1203.20 852273.4 5669.371 NaN     
treeLikelihood.5326_introns       -1440.01 0.096952 5.894713 -1439.62 -1451.82 -1428.79 1307091. 3696.647 NaN     
treeLikelihood.5333_introns       -912.928 0.04325  4.482866 -912.433 -921.991 -904.808 449754.1 10743.32 NaN     
treeLikelihood.5404_introns       -2461.99 0.102227 5.805237 -2461.55 -2473.59 -2451.18 1498328. 3224.830 NaN     
treeLikelihood.5406_introns       -8480.40 0.058776 5.088402 -8480.06 -8490.53 -8470.81 644690.6 7494.842 NaN     
treeLikelihood.5426_introns       -11343.2 0.249456 7.39552  -11343.0 -11357.6 -11328.9 5497498. 878.9188 NaN     
treeLikelihood.5428_introns       -846.896 0.05218  4.420151 -846.338 -855.899 -838.986 673362.6 7175.709 NaN     
treeLikelihood.5464_introns       -2757.16 0.076334 5.232139 -2756.83 -2767.68 -2747.22 1028469. 4698.100 NaN     
treeLikelihood.5599_introns       -2607.59 0.096442 5.680184 -2607.20 -2618.82 -2596.78 1392916. 3468.875 NaN     
treeLikelihood.5614_introns       -6076.45 0.073784 5.410642 -6076.11 -6087.25 -6066.42 898547.5 5377.406 NaN     
treeLikelihood.5639_introns       -2269.69 0.078801 5.028563 -2269.27 -2279.72 -2260.36 1186559. 4072.154 NaN     
treeLikelihood.5664_introns       -4147.59 0.073035 5.880033 -4147.18 -4159.35 -4136.66 745443.4 6481.853 NaN     
treeLikelihood.5822_introns       -7080.28 0.057979 5.818048 -7080.00 -7091.71 -7069.01 479849.6 10069.51 NaN     
treeLikelihood.5840_introns       -4886.80 0.745862 12.80272 -4885.55 -4912.20 -4866.32 16399318 294.6375 NaN     
treeLikelihood.5857_introns       -1707.46 0.04504  4.373764 -1707.16 -1716.34 -1699.21 512378.6 9430.242 NaN     
treeLikelihood.5899_introns       -4139.67 0.060524 5.222093 -4139.39 -4150.08 -4129.73 649054.4 7444.452 NaN     
treeLikelihood.5910_introns       -3164.38 0.611632 11.18977 -3161.22 -3188.03 -3148.24 14436167 334.7048 NaN     
treeLikelihood.5913_introns       -1566.28 0.036567 4.307204 -1565.72 -1575.09 -1558.76 348260.4 13874.25 NaN     
treeLikelihood.5922_introns       -9879.04 0.171373 5.90271  -9878.78 -9890.74 -9867.68 4072832. 1186.362 NaN     
treeLikelihood.5926_introns       -1926.49 0.068065 5.052994 -1926.07 -1936.63 -1917.10 876727.1 5511.241 NaN     
treeLikelihood.5944_introns       -1541.30 0.103012 4.177268 -1540.73 -1550.22 -1533.98 2938365. 1644.402 NaN     
treeLikelihood.5974_introns       -2573.76 0.164596 6.65735  -2573.34 -2586.81 -2561.28 2953602. 1635.919 NaN     
treeLikelihood.6026_introns       -4694.90 0.108934 5.060545 -4694.52 -4705.04 -4685.49 2238946. 2158.093 NaN     
treeLikelihood.6041_introns       -7085.23 0.142339 5.600493 -7084.85 -7096.49 -7074.83 3121103. 1548.123 NaN     
treeLikelihood.6098_introns       -3164.14 0.05605  5.287624 -3163.71 -3174.75 -3154.40 542921.1 8899.736 NaN     
treeLikelihood.6295_introns       -3336.23 0.058692 5.902889 -3335.90 -3348.08 -3325.15 477678.9 10115.27 NaN     
treeLikelihood.6298_introns       -1313.86 0.024601 3.903654 -1313.48 -1321.82 -1306.73 191901.7 25178.79 NaN     
treeLikelihood.6303_introns       -2048.78 0.05578  5.590905 -2048.27 -2060.04 -2038.51 480963.3 10046.20 NaN     
treeLikelihood.6366_introns       -1505.14 0.087077 5.804796 -1504.82 -1516.57 -1494.12 1087287. 4443.954 NaN     
treeLikelihood.6383_introns       -2416.62 0.048516 4.548354 -2416.30 -2425.73 -2408.12 549771.8 8788.836 NaN     
treeLikelihood.6401_introns       -1218.18 0.066999 5.21008  -1217.60 -1228.94 -1208.86 799021.2 6047.216 NaN     
treeLikelihood.6406_introns       -1378.90 0.078083 5.06215  -1378.35 -1388.94 -1369.85 1149623. 4202.990 NaN     
treeLikelihood.6420_introns       -2796.15 0.034899 4.51246  -2795.76 -2805.25 -2787.79 289017.3 16718.22 NaN     
treeLikelihood.6450_introns       -4939.02 0.102278 5.819197 -4938.55 -4950.56 -4928.14 1492643. 3237.111 NaN     
treeLikelihood.6460_introns       -1356.50 0.057893 5.32142  -1356.07 -1367.11 -1346.60 571880.7 8449.060 NaN     
treeLikelihood.6462_introns       -4701.64 0.076985 5.55056  -4701.26 -4712.72 -4691.25 929510.7 5198.277 NaN     
treeLikelihood.6494_introns       -4304.70 0.328693 7.292592 -4303.59 -4319.56 -4292.35 9815938. 492.2458 NaN     
treeLikelihood.6500_introns       -4250.62 0.095916 5.876466 -4250.18 -4262.52 -4239.79 1287259. 3753.598 NaN     
treeLikelihood.6639_introns       -1643.16 0.048463 5.075988 -1642.73 -1653.36 -1633.81 440444.2 10970.41 NaN     
treeLikelihood.6641_introns       -1340.69 0.095711 5.646983 -1340.20 -1351.88 -1330.27 1388055. 3481.023 NaN     
treeLikelihood.6689_introns       -3368.87 0.067828 5.536859 -3368.40 -3379.97 -3358.67 725113.9 6663.580 NaN     
treeLikelihood.6947_introns       -3615.64 0.04047  4.414335 -3615.16 -3624.54 -3607.64 406123.2 11897.50 NaN     
treeLikelihood.6992_introns       -1388.19 0.047198 4.484323 -1387.64 -1397.29 -1380.10 535271.9 9026.916 NaN     
treeLikelihood.7141_introns       -1583.83 0.061569 5.340184 -1583.36 -1594.58 -1574.06 642280.3 7522.969 NaN     
treeLikelihood.7174_introns       -3240.06 0.057872 5.448889 -3239.52 -3250.95 -3230.13 545044.7 8865.061 NaN     
treeLikelihood.7313_introns       -3375.18 0.038566 5.355006 -3374.82 -3385.83 -3365.12 250607.8 19280.54 NaN     
treeLikelihood.7324_introns       -4105.02 0.105112 5.908284 -4104.62 -4116.78 -4093.92 1529297. 3159.525 NaN     
treeLikelihood.7333_introns       -1332.86 0.067038 4.732022 -1332.33 -1342.40 -1324.37 969755.4 4982.549 NaN     
treeLikelihood.7572_introns       -1212.38 0.106091 6.251204 -1211.99 -1224.68 -1200.68 1391683. 3471.949 NaN     
treeLikelihood.7602_introns       -2528.79 0.080128 5.179677 -2528.41 -2539.16 -2519.16 1156314. 4178.669 NaN     
clockRate.c:4848_introns          5872.345 300.7422 4890.312 4527.340 265.6427 16615.32 18273833 264.4138 4148.303
clockRate.c:4932_introns          7721.895 404.1128 6583.439 5735.722 319.1160 21784.67 18205955 265.3996 5135.744
clockRate.c:4992_introns          1765.070 67.20975 1100.130 1590.962 200.8898 4074.265 18033920 267.9314 1427.271
clockRate.c:5116_introns          393.3293 15.90859 259.4621 352.3915 37.02649 885.9730 18164748 266.0017 301.5287
clockRate.c:5271_introns          15360.11 883.1147 14370.87 9820.682 523.5376 47670.32 18246601 264.8084 10075.64
clockRate.c:5326_introns          26842.42 622.3656 10877.23 26425.04 8374.956 46719.08 15818618 305.4536 24503.91
clockRate.c:5333_introns          58403.34 2348.150 39068.42 47347.23 9636.746 134038.5 17454760 276.8216 46013.95
clockRate.c:5404_introns          5199.923 144.6440 2430.586 4820.951 1109.751 9870.071 17111701 282.3713 4617.203
clockRate.c:5406_introns          38.02109 0.625662 11.34168 36.34917 18.86956 60.77913 14704076 328.6064 36.42926
clockRate.c:5426_introns          58.52370 1.090258 18.89801 54.80607 27.57680 97.44882 16082003 300.4510 55.65408
clockRate.c:5428_introns          38214.04 1186.486 20680.02 32987.51 8572.098 83734.21 15905134 303.7921 33606.75
clockRate.c:5464_introns          2974.619 132.4266 2150.375 2416.033 356.4452 7172.331 18324678 263.6802 2230.974
clockRate.c:5599_introns          3407.720 134.3903 2199.136 3127.900 396.0844 7401.117 18044539 267.7738 2702.231
clockRate.c:5614_introns          112.0090 3.641819 60.06513 99.70541 23.96404 225.8782 17762563 272.0246 96.51843
clockRate.c:5639_introns          2880.479 134.3789 2184.087 1771.777 332.0761 6780.114 18290958 264.1663 2078.508
clockRate.c:5664_introns          847.5129 24.27800 402.5690 781.2496 227.6247 1644.716 17573534 274.9506 765.7943
clockRate.c:5822_introns          33.39244 0.693413 12.06778 31.90511 12.64700 56.84869 15953003 302.8805 31.27454
clockRate.c:5840_introns          829.1764 25.02705 412.6111 778.4530 190.5128 1577.619 17776719 271.8080 721.8665
clockRate.c:5857_introns          4501.257 153.7202 2571.830 4189.594 470.6464 9119.696 17262001 279.9127 3643.242
clockRate.c:5899_introns          1198.394 32.09315 539.4867 1127.471 300.8737 2220.600 17099247 282.5770 1077.758
clockRate.c:5910_introns          4221.963 126.9055 2102.049 3639.810 1031.386 8829.408 17611194 274.3627 3776.628
clockRate.c:5913_introns          47.33588 0.275634 9.450922 46.54809 29.81071 66.18850 4109888. 1175.665 46.40978
clockRate.c:5922_introns          61.19286 1.340826 22.69355 59.05239 18.82088 103.9762 16867623 286.4573 56.97267
clockRate.c:5926_introns          8840.149 247.7189 4188.606 8412.772 2220.537 16709.37 16900250 285.9043 7829.114
clockRate.c:5944_introns          3532.858 177.4113 2989.309 2542.564 5.846376 9305.009 17019036 283.9088 2113.428
clockRate.c:5974_introns          10622.45 333.6151 5497.362 10052.21 1637.558 21755.94 17794953 271.5295 9103.147
clockRate.c:6026_introns          400.9058 10.37994 175.0809 387.2135 83.63285 721.0093 16983446 284.5038 362.1835
clockRate.c:6041_introns          160.7954 6.510906 105.3200 133.2496 31.59090 391.5677 18466087 261.6610 132.0771
clockRate.c:6098_introns          2956.729 91.65774 1522.741 2680.093 501.9795 6004.013 17506526 276.0030 2576.806
clockRate.c:6295_introns          2802.949 99.8563  1634.269 2368.837 258.3440 5770.365 18039199 267.8530 2273.165
clockRate.c:6298_introns          9770.046 372.2394 6277.054 8898.453 415.8274 21996.21 16992089 284.3590 7561.966
clockRate.c:6303_introns          7906.028 318.4220 5203.639 6492.119 1209.041 17762.26 18092793 267.0596 6243.630
clockRate.c:6366_introns          6960.112 201.6147 3457.813 5930.778 2150.902 14013.31 16426880 294.1431 6207.338
clockRate.c:6383_introns          3706.391 145.1297 2381.333 3176.026 359.5766 8045.744 17946787 269.2323 2838.854
clockRate.c:6401_introns          23849.52 936.8180 15508.87 19177.22 4154.325 55663.04 17630468 274.0627 19581.29
clockRate.c:6406_introns          18940.28 589.3338 9927.347 17181.62 2616.240 39029.13 17028255 283.7551 16301.00
clockRate.c:6420_introns          1353.485 68.72044 1113.029 952.3042 165.5940 3644.446 18419272 262.3260 1013.737
clockRate.c:6450_introns          324.1040 15.04002 242.4328 223.2556 49.11052 781.7706 18596366 259.8279 240.3636
clockRate.c:6460_introns          21065.81 805.3860 13302.66 16666.31 4720.708 52136.83 17711065 272.8156 18317.42
clockRate.c:6462_introns          680.2944 21.86562 360.4374 591.1341 161.0580 1503.966 17781888 271.7290 602.1945
clockRate.c:6494_introns          2506.409 65.22526 1088.325 2327.028 576.7749 4660.062 17355142 278.4105 2272.855
clockRate.c:6500_introns          473.7861 16.85084 276.7419 406.4202 94.64393 1059.798 17914595 269.7161 404.009 
clockRate.c:6639_introns          18063.88 802.2367 13003.05 12376.82 4814.443 45853.60 18391959 262.7156 14511.88
clockRate.c:6641_introns          28841.73 1124.885 18484.57 25274.79 3397.053 60460.02 17894181 270.0238 22204.51
clockRate.c:6689_introns          1854.802 147.3468 2341.923 856.9902 83.02662 7850.453 19127159 252.6174 1047.567
clockRate.c:6947_introns          213.8556 15.53722 248.9622 116.1396 4.849277 786.5290 18818877 256.7557 116.6631
clockRate.c:6992_introns          9693.963 234.2461 4171.928 9175.162 2687.539 17898.99 15232980 317.1969 8822.897
clockRate.c:7141_introns          18581.23 645.8748 10698.57 16750.27 3559.046 38270.10 17609984 274.3815 15391.70
clockRate.c:7174_introns          656.0106 18.24731 307.3786 617.0686 183.4861 1228.910 17028019 283.7590 583.9951
clockRate.c:7313_introns          1876.394 70.57430 1153.618 1512.003 450.8770 4462.153 18083519 267.1966 1611.670
clockRate.c:7324_introns          1981.729 92.38236 1481.793 1543.701 278.4475 5282.368 18780908 257.2748 1518.364
clockRate.c:7333_introns          23292.44 790.4713 13226.87 21770.72 2329.105 46534.73 17257259 279.9897 19098.25
clockRate.c:7572_introns          22875.30 868.6329 14371.09 17129.19 6672.252 55070.57 17652522 273.7203 19544.23
clockRate.c:7602_introns          12940.16 424.8972 7003.259 11202.95 2029.015 27705.47 17786123 271.6643 11187.89
mutationRate.s:4527_introns       32.05078 0.174335 2.732267 32.32252 25.82241 36.76621 19671376 245.6287 31.93002
mutationRate.s:4848_introns       0.013616 0.000767 0.012086 0.00901  0.002028 0.032365 19480304 248.0379 0.009771
mutationRate.s:4932_introns       0.009635 0.000756 0.011858 0.005258 0.001217 0.035251 19613827 246.3494 0.005772
mutationRate.s:4992_introns       0.036066 0.001655 0.026037 0.026664 0.010118 0.095593 19534286 247.3525 0.029312
mutationRate.s:5116_introns       0.134153 0.007358 0.11498  0.084532 0.031023 0.401611 19786072 244.2048 0.099894
mutationRate.s:5271_introns       0.004684 0.000392 0.006132 0.002816 0.00058  0.020276 19772781 244.3690 0.002888
mutationRate.s:5326_introns       0.003659 9.63E-5  0.001515 0.003037 0.002123 0.006901 19533541 247.3619 0.003409
mutationRate.s:5333_introns       0.001784 7.1E-5   0.001111 0.001403 0.000486 0.004035 19752577 244.6189 0.001452
mutationRate.s:5404_introns       0.017728 0.000533 0.008341 0.015374 0.007829 0.036758 19713358 245.1056 0.016125
mutationRate.s:5406_introns       1.786063 0.0236   0.375825 1.737738 1.162586 2.603883 19053429 253.5950 1.747398
mutationRate.s:5426_introns       1.978323 0.033853 0.532733 1.975049 1.115348 2.976426 19511830 247.6371 1.909799
mutationRate.s:5428_introns       0.001284 3.51E-5  0.000556 0.001193 0.000498 0.002251 19302192 250.3267 0.001177
mutationRate.s:5464_introns       0.027843 0.001479 0.023182 0.016865 0.00615  0.0747   19669751 245.6490 0.020373
mutationRate.s:5599_introns       0.025939 0.001312 0.020555 0.017426 0.005491 0.074397 19686791 245.4363 0.020322
mutationRate.s:5614_introns       0.677126 0.023735 0.374185 0.57785  0.206925 1.499328 19441200 248.5368 0.589783
mutationRate.s:5639_introns       0.020595 0.00099  0.015502 0.019264 0.004605 0.049181 19694605 245.3390 0.015025
mutationRate.s:5664_introns       0.092697 0.002662 0.041698 0.079376 0.031153 0.176991 19691201 245.3814 0.08502 
mutationRate.s:5822_introns       1.430497 0.029798 0.469513 1.374413 0.59013  2.348363 19462071 248.2703 1.358727
mutationRate.s:5840_introns       0.11975  0.004212 0.066013 0.098212 0.045245 0.266306 19674026 245.5956 0.105405
mutationRate.s:5857_introns       0.014122 0.000746 0.011634 0.009534 0.00428  0.041964 19865456 243.2289 0.010968
mutationRate.s:5899_introns       0.075246 0.001966 0.03103  0.069337 0.026208 0.135261 19391819 249.1697 0.069611
mutationRate.s:5910_introns       0.023411 0.000576 0.009082 0.022546 0.008949 0.040667 19436553 248.5962 0.021735
mutationRate.s:5922_introns       1.733248 0.034478 0.542084 1.626967 0.848605 3.006134 19546202 247.2017 1.658395
mutationRate.s:5926_introns       0.008392 0.000287 0.004498 0.006792 0.003506 0.01832  19724945 244.9616 0.007417
mutationRate.s:5944_introns       0.01411  0.003289 0.053328 0.003724 0.001008 0.050357 18382067 262.8569 0.004412
mutationRate.s:5974_introns       0.011847 0.000512 0.007994 0.009086 0.004503 0.033878 19821027 243.7741 0.010083
mutationRate.s:6026_introns       0.180922 0.005396 0.084885 0.157259 0.065039 0.386564 19527351 247.4403 0.165045
mutationRate.s:6041_introns       0.769624 0.027569 0.432759 0.647422 0.18678  1.586989 19610106 246.3961 0.659417
mutationRate.s:6098_introns       0.037351 0.001531 0.024135 0.030102 0.011699 0.093999 19439255 248.5617 0.031906
mutationRate.s:6295_introns       0.047757 0.002519 0.039467 0.038289 0.014063 0.148566 19686449 245.4406 0.037639
mutationRate.s:6298_introns       0.005393 0.000418 0.006556 0.002881 0.001112 0.018328 19682971 245.4840 0.003675
mutationRate.s:6303_introns       0.014065 0.000669 0.010463 0.010348 0.003752 0.037242 19771203 244.3885 0.01102 
mutationRate.s:6366_introns       0.005845 0.000159 0.002489 0.005511 0.002421 0.010039 19647142 245.9316 0.005357
mutationRate.s:6383_introns       0.022727 0.001304 0.020403 0.016504 0.006071 0.070515 19741143 244.7606 0.016828
mutationRate.s:6401_introns       0.002698 9.07E-5  0.001417 0.002554 0.000769 0.005507 19781344 244.2632 0.002327
mutationRate.s:6406_introns       0.003682 0.000183 0.002865 0.002833 0.001273 0.01238  19796954 244.0706 0.003073
mutationRate.s:6420_introns       0.038185 0.001615 0.025332 0.031507 0.006088 0.084634 19633851 246.0981 0.029971
mutationRate.s:6450_introns       0.338746 0.014932 0.234121 0.298903 0.065751 0.802305 19653930 245.8467 0.262471
mutationRate.s:6460_introns       0.00326  8.75E-5  0.001371 0.003395 0.001058 0.005181 19675354 245.5790 0.002952
mutationRate.s:6462_introns       0.117717 0.003196 0.050366 0.110987 0.042693 0.227957 19457969 248.3226 0.107762
mutationRate.s:6494_introns       0.055158 0.00172  0.027006 0.050576 0.02296  0.089375 19594232 246.5957 0.050521
mutationRate.s:6500_introns       0.133157 0.004817 0.075344 0.11255  0.040041 0.278259 19753547 244.6069 0.116076
mutationRate.s:6639_introns       0.006269 0.000189 0.002963 0.006687 0.001862 0.010685 19691640 245.3759 0.005388
mutationRate.s:6641_introns       0.004215 0.000231 0.003605 0.002478 0.001355 0.011825 19762097 244.5011 0.003134
mutationRate.s:6689_introns       0.074742 0.004928 0.077094 0.057127 0.005614 0.247168 19744051 244.7245 0.047127
mutationRate.s:6947_introns       0.407113 0.034092 0.534105 0.204598 0.027026 1.359456 19686477 245.4403 0.219948
mutationRate.s:6992_introns       0.004338 0.000118 0.001868 0.003709 0.001866 0.008053 19282937 250.5767 0.00401 
mutationRate.s:7141_introns       0.005203 0.000201 0.00314  0.004032 0.001745 0.011143 19797807 244.0601 0.004369
mutationRate.s:7174_introns       0.087648 0.002651 0.041863 0.072435 0.035727 0.167639 19377270 249.3568 0.079034
mutationRate.s:7313_introns       0.053982 0.001637 0.025637 0.050508 0.012813 0.104949 19692562 245.3644 0.048087
mutationRate.s:7324_introns       0.065608 0.002795 0.043593 0.052275 0.015152 0.155221 19859406 243.3030 0.052781
mutationRate.s:7333_introns       0.003792 0.000174 0.002737 0.002754 0.001385 0.009326 19575727 246.8288 0.003113
mutationRate.s:7572_introns       0.003318 7.93E-5  0.001243 0.003619 0.00115  0.005405 19661173 245.7561 0.003033
mutationRate.s:7602_introns       0.008859 0.000319 0.004986 0.00784  0.003065 0.02057  19752261 244.6228 0.007843
